{
  "RSpec": {
    "coverage": {
      "/home/decent-attribute-6294/tic-tac-toe-rb-online-web-sp-000/lib/tic_tac_toe.rb": [
        1,
        1,
        null,
        null,
        1,
        189,
        10,
        null,
        21,
        null,
        null,
        null,
        1,
        7,
        41,
        123,
        null,
        null,
        7,
        48,
        144,
        null,
        null,
        7,
        4,
        3,
        2,
        null,
        null,
        null,
        null,
        null,
        1,
        36,
        242,
        null,
        null,
        null,
        1,
        25,
        25,
        25,
        25,
        25,
        null,
        null,
        1,
        30,
        7,
        null,
        23,
        null,
        null,
        null,
        1,
        235,
        35,
        200,
        200,
        null,
        0,
        null,
        null,
        null,
        1,
        24,
        21,
        null,
        3,
        null,
        null,
        null,
        1,
        24,
        24,
        null,
        null,
        1,
        23,
        null,
        null,
        1,
        21,
        21,
        21,
        21,
        21,
        20,
        20,
        null,
        1,
        null,
        null,
        null,
        1,
        437,
        null,
        null,
        1,
        22,
        15,
        null,
        7,
        null,
        null,
        null,
        1,
        22,
        10,
        null,
        null,
        null,
        1,
        12,
        18,
        null,
        12,
        5,
        7,
        3,
        null,
        null,
        null,
        null,
        null
      ]
    },
    "timestamp": 1567107323
  }
}
