{
  "RSpec": {
    "coverage": {
      "/home/decent-attribute-6294/tic-tac-toe-rb-online-web-sp-000/lib/tic_tac_toe.rb": [
        1,
        1,
        null,
        null,
        1,
        0,
        0,
        null,
        0,
        null,
        null,
        null,
        1,
        0,
        0,
        0,
        null,
        null,
        0,
        0,
        0,
        null,
        null,
        0,
        0,
        0,
        0,
        null,
        null,
        null,
        null,
        null,
        1,
        0,
        0,
        null,
        null,
        null,
        1,
        0,
        0,
        0,
        0,
        0,
        null,
        null,
        1,
        0,
        0,
        null,
        0,
        null,
        null,
        null,
        1,
        93399,
        0,
        93399,
        93399,
        null,
        0,
        null,
        null,
        null,
        1,
        9339,
        0,
        null,
        9339,
        null,
        null,
        null,
        1,
        9339,
        9339,
        null,
        null,
        1,
        0,
        null,
        null,
        1,
        9340,
        9340,
        null,
        9339,
        9339,
        0,
        0,
        null,
        9339,
        null,
        null,
        null,
        1,
        177462,
        null,
        null,
        1,
        9340,
        9339,
        null,
        0,
        null,
        null,
        null,
        1,
        0,
        0,
        null,
        null,
        null,
        1,
        1,
        1,
        1,
        0,
        0,
        0,
        0,
        0,
        0,
        0,
        null,
        0,
        null,
        null,
        null,
        null,
        1
      ]
    },
    "timestamp": 1567101574
  }
}
